#
# There is insufficient memory for the Java Runtime Environment to continue.
# Native memory allocation (malloc) failed to allocate 1499216 bytes. Error detail: Chunk::new
# Possible reasons:
#   The system is out of physical RAM or swap space
#   This process is running with CompressedOops enabled, and the Java Heap may be blocking the growth of the native heap
# Possible solutions:
#   Reduce memory load on the system
#   Increase physical memory or swap space
#   Check if swap backing store is full
#   Decrease Java heap size (-Xmx/-Xms)
#   Decrease number of Java threads
#   Decrease Java thread stack sizes (-Xss)
#   Set larger code cache with -XX:ReservedCodeCacheSize=
#   JVM is running with Unscaled Compressed Oops mode in which the Java heap is
#     placed in the first 4GB address space. The Java Heap base address is the
#     maximum limit for the native heap growth. Please use -XX:HeapBaseMinAddress
#     to set the Java Heap base and to place the Java Heap above 4GB virtual address.
# This output file may be truncated or incomplete.
#
#  Out of Memory Error (arena.cpp:168), pid=52336, tid=8204
#
# JRE version: OpenJDK Runtime Environment Temurin-21.0.6+7 (21.0.6+7) (build 21.0.6+7-LTS)
# Java VM: OpenJDK 64-Bit Server VM Temurin-21.0.6+7 (21.0.6+7-LTS, mixed mode, sharing, tiered, compressed oops, compressed class ptrs, parallel gc, windows-amd64)
# No core dump will be written. Minidumps are not enabled by default on client versions of Windows
#

---------------  S U M M A R Y ------------

Command Line: --add-modules=ALL-SYSTEM --add-opens=java.base/java.util=ALL-UNNAMED --add-opens=java.base/java.lang=ALL-UNNAMED --add-opens=java.base/sun.nio.fs=ALL-UNNAMED -Declipse.application=org.eclipse.jdt.ls.core.id1 -Dosgi.bundles.defaultStartLevel=4 -Declipse.product=org.eclipse.jdt.ls.core.product -Djava.import.generatesMetadataFilesAtProjectRoot=false -DDetectVMInstallationsJob.disabled=true -Dfile.encoding=utf8 -XX:+UseParallelGC -XX:GCTimeRatio=4 -XX:AdaptiveSizePolicyWeight=90 -Dsun.zip.disableMemoryMapping=true -Xmx1G -Xms100m -Xlog:disable -javaagent:c:\Users\쾜粘麗旅\.cursor\extensions\redhat.java-1.41.1-win32-x64\lombok\lombok-1.18.36.jar -XX:+HeapDumpOnOutOfMemoryError -XX:HeapDumpPath=c:\Users\쾜粘麗旅\AppData\Roaming\Cursor\User\workspaceStorage\17a9cc18882ef2dc55c34f060ec7082e\redhat.java -Daether.dependencyCollector.impl=bf c:\Users\쾜粘麗旅\.cursor\extensions\redhat.java-1.41.1-win32-x64\server\plugins\org.eclipse.equinox.launcher_1.7.0.v20250331-1702.jar -configuration c:\Users\쾜粘麗旅\AppData\Roaming\Cursor\User\globalStorage\redhat.java\1.41.1\config_win -data c:\Users\쾜粘麗旅\AppData\Roaming\Cursor\User\workspaceStorage\17a9cc18882ef2dc55c34f060ec7082e\redhat.java\jdt_ws --pipe=\\.\pipe\lsp-0adb259bb166f452c2f56e56c8833e77-sock

Host: 11th Gen Intel(R) Core(TM) i5-1135G7 @ 2.40GHz, 8 cores, 7G,  Windows 11 , 64 bit Build 22621 (10.0.22621.5124)
Time: Mon May 12 02:27:39 2025 Azerbaijan Standard Time elapsed time: 36.157233 seconds (0d 0h 0m 36s)

---------------  T H R E A D  ---------------

Current thread (0x000002a374463760):  JavaThread "C2 CompilerThread0" daemon [_thread_in_native, id=8204, stack(0x000000b352000000,0x000000b352100000) (1024K)]


Current CompileTask:
C2:36157 11008       4       org.eclipse.jdt.internal.core.search.indexing.BinaryIndexer::extractReferenceFromConstantPool (358 bytes)

Stack: [0x000000b352000000,0x000000b352100000]
Native frames: (J=compiled Java code, j=interpreted, Vv=VM code, C=native code)
V  [jvm.dll+0x6cdee9]
V  [jvm.dll+0x8a83d1]
V  [jvm.dll+0x8aa8fe]
V  [jvm.dll+0x8aafe3]
V  [jvm.dll+0x27f706]
V  [jvm.dll+0xc500d]
V  [jvm.dll+0xc5543]
V  [jvm.dll+0x3b6752]
V  [jvm.dll+0x1dfe13]
V  [jvm.dll+0x247b42]
V  [jvm.dll+0x246fcf]
V  [jvm.dll+0x1c75ee]
V  [jvm.dll+0x25685a]
V  [jvm.dll+0x254dfa]
V  [jvm.dll+0x3f0256]
V  [jvm.dll+0x851f8b]
V  [jvm.dll+0x6cc5ed]
C  [ucrtbase.dll+0x29333]
C  [KERNEL32.DLL+0x1259d]
C  [ntdll.dll+0x5af38]


---------------  P R O C E S S  ---------------

Threads class SMR info:
_java_thread_list=0x000002a3511e0cf0, length=60, elements={
0x000002a36cd48ec0, 0x000002a37444ffe0, 0x000002a3744517e0, 0x000002a374453a80,
0x000002a3744569a0, 0x000002a374459910, 0x000002a37445cc50, 0x000002a374463760,
0x000002a374468c00, 0x000002a37a0d2e90, 0x000002a37a2eff50, 0x000002a37db8ede0,
0x000002a37dbd61d0, 0x000002a37d9109f0, 0x000002a37d92e600, 0x000002a37d9159a0,
0x000002a37dcb1210, 0x000002a37a158a50, 0x000002a37deb59d0, 0x000002a37d552150,
0x000002a37d5527e0, 0x000002a37d552e70, 0x000002a37d553500, 0x000002a37eaa8170,
0x000002a37eaa6dc0, 0x000002a37eaa8e90, 0x000002a37eaa8800, 0x000002a37eaa60a0,
0x000002a37eaa9520, 0x000002a37eaa6730, 0x000002a37eaa7ae0, 0x000002a37eaa7450,
0x000002a37a18ed80, 0x000002a37a192f20, 0x000002a37a193c40, 0x000002a37a1942d0,
0x000002a37a194ff0, 0x000002a37a194960, 0x000002a37a195680, 0x000002a37a195d10,
0x000002a37a190130, 0x000002a37a1907c0, 0x000002a37a190e50, 0x000002a37a192200,
0x000002a37a192890, 0x000002a350e4c8a0, 0x000002a350e4fd20, 0x000002a350e4b4f0,
0x000002a350e4f000, 0x000002a350e4cf30, 0x000002a350e52480, 0x000002a350e4d5c0,
0x000002a350e4e2e0, 0x000002a350e503b0, 0x000002a350e4e970, 0x000002a350e50a40,
0x000002a350e510d0, 0x000002a350e4f690, 0x000002a350e51760, 0x000002a350e51df0
}

Java Threads: ( => current thread )
  0x000002a36cd48ec0 JavaThread "main"                              [_thread_blocked, id=19860, stack(0x000000b351600000,0x000000b351700000) (1024K)]
  0x000002a37444ffe0 JavaThread "Reference Handler"          daemon [_thread_blocked, id=40360, stack(0x000000b351a00000,0x000000b351b00000) (1024K)]
  0x000002a3744517e0 JavaThread "Finalizer"                  daemon [_thread_blocked, id=2456, stack(0x000000b351b00000,0x000000b351c00000) (1024K)]
  0x000002a374453a80 JavaThread "Signal Dispatcher"          daemon [_thread_blocked, id=37752, stack(0x000000b351c00000,0x000000b351d00000) (1024K)]
  0x000002a3744569a0 JavaThread "Attach Listener"            daemon [_thread_blocked, id=50196, stack(0x000000b351d00000,0x000000b351e00000) (1024K)]
  0x000002a374459910 JavaThread "Service Thread"             daemon [_thread_blocked, id=54152, stack(0x000000b351e00000,0x000000b351f00000) (1024K)]
  0x000002a37445cc50 JavaThread "Monitor Deflation Thread"   daemon [_thread_blocked, id=5064, stack(0x000000b351f00000,0x000000b352000000) (1024K)]
=>0x000002a374463760 JavaThread "C2 CompilerThread0"         daemon [_thread_in_native, id=8204, stack(0x000000b352000000,0x000000b352100000) (1024K)]
  0x000002a374468c00 JavaThread "C1 CompilerThread0"         daemon [_thread_blocked, id=29056, stack(0x000000b352100000,0x000000b352200000) (1024K)]
  0x000002a37a0d2e90 JavaThread "Common-Cleaner"             daemon [_thread_blocked, id=54024, stack(0x000000b352200000,0x000000b352300000) (1024K)]
  0x000002a37a2eff50 JavaThread "Notification Thread"        daemon [_thread_blocked, id=14668, stack(0x000000b352400000,0x000000b352500000) (1024K)]
  0x000002a37db8ede0 JavaThread "Active Thread: Equinox Container: e371430c-1390-4762-bef5-5f86efc2c8a4"        [_thread_blocked, id=12716, stack(0x000000b352300000,0x000000b352400000) (1024K)]
  0x000002a37dbd61d0 JavaThread "Refresh Thread: Equinox Container: e371430c-1390-4762-bef5-5f86efc2c8a4" daemon [_thread_blocked, id=40880, stack(0x000000b352b00000,0x000000b352c00000) (1024K)]
  0x000002a37d9109f0 JavaThread "Framework Event Dispatcher: Equinox Container: e371430c-1390-4762-bef5-5f86efc2c8a4" daemon [_thread_blocked, id=7004, stack(0x000000b352d00000,0x000000b352e00000) (1024K)]
  0x000002a37d92e600 JavaThread "Start Level: Equinox Container: e371430c-1390-4762-bef5-5f86efc2c8a4" daemon [_thread_blocked, id=53908, stack(0x000000b352e00000,0x000000b352f00000) (1024K)]
  0x000002a37d9159a0 JavaThread "Bundle File Closer"         daemon [_thread_blocked, id=16620, stack(0x000000b352f00000,0x000000b353000000) (1024K)]
  0x000002a37dcb1210 JavaThread "SCR Component Actor"        daemon [_thread_blocked, id=16420, stack(0x000000b353000000,0x000000b353100000) (1024K)]
  0x000002a37a158a50 JavaThread "Worker-JM"                         [_thread_blocked, id=43544, stack(0x000000b353200000,0x000000b353300000) (1024K)]
  0x000002a37deb59d0 JavaThread "JNA Cleaner"                daemon [_thread_blocked, id=38600, stack(0x000000b353300000,0x000000b353400000) (1024K)]
  0x000002a37d552150 JavaThread "Worker-0"                          [_thread_blocked, id=41248, stack(0x000000b353400000,0x000000b353500000) (1024K)]
  0x000002a37d5527e0 JavaThread "Worker-1"                          [_thread_blocked, id=46724, stack(0x000000b353500000,0x000000b353600000) (1024K)]
  0x000002a37d552e70 JavaThread "Worker-2"                          [_thread_blocked, id=41880, stack(0x000000b353600000,0x000000b353700000) (1024K)]
  0x000002a37d553500 JavaThread "Java indexing"              daemon [_thread_in_Java, id=16548, stack(0x000000b353700000,0x000000b353800000) (1024K)]
  0x000002a37eaa8170 JavaThread "Worker-3: Java indexing... "        [_thread_blocked, id=4732, stack(0x000000b353a00000,0x000000b353b00000) (1024K)]
  0x000002a37eaa6dc0 JavaThread "Worker-4: Building"                [_thread_in_native, id=9756, stack(0x000000b353b00000,0x000000b353c00000) (1024K)]
  0x000002a37eaa8e90 JavaThread "Thread-2"                   daemon [_thread_in_native, id=10560, stack(0x000000b353c00000,0x000000b353d00000) (1024K)]
  0x000002a37eaa8800 JavaThread "Thread-3"                   daemon [_thread_in_native, id=47336, stack(0x000000b353d00000,0x000000b353e00000) (1024K)]
  0x000002a37eaa60a0 JavaThread "Thread-4"                   daemon [_thread_in_native, id=17716, stack(0x000000b353e00000,0x000000b353f00000) (1024K)]
  0x000002a37eaa9520 JavaThread "Thread-5"                   daemon [_thread_in_native, id=25380, stack(0x000000b353f00000,0x000000b354000000) (1024K)]
  0x000002a37eaa6730 JavaThread "Thread-6"                   daemon [_thread_in_native, id=47224, stack(0x000000b354000000,0x000000b354100000) (1024K)]
  0x000002a37eaa7ae0 JavaThread "Thread-7"                   daemon [_thread_in_native, id=28268, stack(0x000000b354100000,0x000000b354200000) (1024K)]
  0x000002a37eaa7450 JavaThread "Thread-8"                   daemon [_thread_in_native, id=5432, stack(0x000000b354200000,0x000000b354300000) (1024K)]
  0x000002a37a18ed80 JavaThread "Thread-9"                   daemon [_thread_in_native, id=47932, stack(0x000000b354300000,0x000000b354400000) (1024K)]
  0x000002a37a192f20 JavaThread "Thread-10"                  daemon [_thread_in_native, id=37040, stack(0x000000b354400000,0x000000b354500000) (1024K)]
  0x000002a37a193c40 JavaThread "pool-2-thread-1"                   [_thread_blocked, id=45692, stack(0x000000b354500000,0x000000b354600000) (1024K)]
  0x000002a37a1942d0 JavaThread "WorkspaceEventsHandler"            [_thread_blocked, id=2660, stack(0x000000b354600000,0x000000b354700000) (1024K)]
  0x000002a37a194ff0 JavaThread "pool-1-thread-1"                   [_thread_blocked, id=31300, stack(0x000000b354700000,0x000000b354800000) (1024K)]
  0x000002a37a194960 JavaThread "Worker-5"                          [_thread_blocked, id=10780, stack(0x000000b354800000,0x000000b354900000) (1024K)]
  0x000002a37a195680 JavaThread "Worker-6"                          [_thread_blocked, id=34368, stack(0x000000b354900000,0x000000b354a00000) (1024K)]
  0x000002a37a195d10 JavaThread "LocalFile Deleter"          daemon [_thread_blocked, id=39128, stack(0x000000b354b00000,0x000000b354c00000) (1024K)]
  0x000002a37a190130 JavaThread "LocalFile Deleter"          daemon [_thread_blocked, id=29068, stack(0x000000b354c00000,0x000000b354d00000) (1024K)]
  0x000002a37a1907c0 JavaThread "LocalFile Deleter"          daemon [_thread_blocked, id=21912, stack(0x000000b354d00000,0x000000b354e00000) (1024K)]
  0x000002a37a190e50 JavaThread "LocalFile Deleter"          daemon [_thread_blocked, id=33004, stack(0x000000b354e00000,0x000000b354f00000) (1024K)]
  0x000002a37a192200 JavaThread "LocalFile Deleter"          daemon [_thread_blocked, id=40744, stack(0x000000b354f00000,0x000000b355000000) (1024K)]
  0x000002a37a192890 JavaThread "LocalFile Deleter"          daemon [_thread_blocked, id=30548, stack(0x000000b355000000,0x000000b355100000) (1024K)]
  0x000002a350e4c8a0 JavaThread "LocalFile Deleter"          daemon [_thread_blocked, id=7480, stack(0x000000b355100000,0x000000b355200000) (1024K)]
  0x000002a350e4fd20 JavaThread "LocalFile Deleter"          daemon [_thread_blocked, id=43168, stack(0x000000b355200000,0x000000b355300000) (1024K)]
  0x000002a350e4b4f0 JavaThread "Compiler Source File Reader" daemon [_thread_blocked, id=34284, stack(0x000000b355300000,0x000000b355400000) (1024K)]
  0x000002a350e4f000 JavaThread "Compiler Source File Reader" daemon [_thread_blocked, id=13628, stack(0x000000b355400000,0x000000b355500000) (1024K)]
  0x000002a350e4cf30 JavaThread "Compiler Source File Reader" daemon [_thread_blocked, id=36368, stack(0x000000b355500000,0x000000b355600000) (1024K)]
  0x000002a350e52480 JavaThread "Compiler Source File Reader" daemon [_thread_blocked, id=3224, stack(0x000000b355600000,0x000000b355700000) (1024K)]
  0x000002a350e4d5c0 JavaThread "Compiler Source File Reader" daemon [_thread_blocked, id=24124, stack(0x000000b355700000,0x000000b355800000) (1024K)]
  0x000002a350e4e2e0 JavaThread "Compiler Source File Reader" daemon [_thread_blocked, id=19124, stack(0x000000b355800000,0x000000b355900000) (1024K)]
  0x000002a350e503b0 JavaThread "Compiler Processing Task"   daemon [_thread_blocked, id=18228, stack(0x000000b354a00000,0x000000b354b00000) (1024K)]
  0x000002a350e4e970 JavaThread "Compiler Class File Writer" daemon [_thread_blocked, id=17336, stack(0x000000b355900000,0x000000b355a00000) (1024K)]
  0x000002a350e50a40 JavaThread "Compiler Class File Writer" daemon [_thread_blocked, id=22072, stack(0x000000b355a00000,0x000000b355b00000) (1024K)]
  0x000002a350e510d0 JavaThread "Compiler Class File Writer" daemon [_thread_blocked, id=24360, stack(0x000000b355b00000,0x000000b355c00000) (1024K)]
  0x000002a350e4f690 JavaThread "Compiler Class File Writer" daemon [_thread_blocked, id=14432, stack(0x000000b355c00000,0x000000b355d00000) (1024K)]
  0x000002a350e51760 JavaThread "Compiler Class File Writer" daemon [_thread_blocked, id=53516, stack(0x000000b355d00000,0x000000b355e00000) (1024K)]
  0x000002a350e51df0 JavaThread "Compiler Class File Writer" daemon [_thread_blocked, id=22288, stack(0x000000b355e00000,0x000000b355f00000) (1024K)]
Total: 60

Other Threads:
  0x000002a36f15e7c0 VMThread "VM Thread"                           [id=45236, stack(0x000000b351900000,0x000000b351a00000) (1024K)]
  0x000002a36f10d910 WatcherThread "VM Periodic Task Thread"        [id=35576, stack(0x000000b351800000,0x000000b351900000) (1024K)]
  0x000002a36f0c0490 WorkerThread "GC Thread#0"                     [id=22680, stack(0x000000b351700000,0x000000b351800000) (1024K)]
  0x000002a37d7e8f30 WorkerThread "GC Thread#1"                     [id=23596, stack(0x000000b352500000,0x000000b352600000) (1024K)]
  0x000002a37d782fa0 WorkerThread "GC Thread#2"                     [id=2400, stack(0x000000b352600000,0x000000b352700000) (1024K)]
  0x000002a37d783340 WorkerThread "GC Thread#3"                     [id=45084, stack(0x000000b352700000,0x000000b352800000) (1024K)]
  0x000002a37d7836e0 WorkerThread "GC Thread#4"                     [id=29092, stack(0x000000b352800000,0x000000b352900000) (1024K)]
  0x000002a37d783a80 WorkerThread "GC Thread#5"                     [id=53736, stack(0x000000b352900000,0x000000b352a00000) (1024K)]
  0x000002a37d783e20 WorkerThread "GC Thread#6"                     [id=28608, stack(0x000000b352a00000,0x000000b352b00000) (1024K)]
  0x000002a37dbb1a80 WorkerThread "GC Thread#7"                     [id=4368, stack(0x000000b352c00000,0x000000b352d00000) (1024K)]
Total: 10

Threads with active compile tasks:
C2 CompilerThread0  36206 11008       4       org.eclipse.jdt.internal.core.search.indexing.BinaryIndexer::extractReferenceFromConstantPool (358 bytes)
Total: 1

VM state: not at safepoint (normal execution)

VM Mutex/Monitor currently owned by a thread: None

Heap address: 0x00000000c0000000, size: 1024 MB, Compressed Oops mode: 32-bit

CDS archive(s) mapped at: [0x000002a30f000000-0x000002a30fba0000-0x000002a30fba0000), size 12189696, SharedBaseAddress: 0x000002a30f000000, ArchiveRelocationMode: 1.
Compressed class space mapped at: 0x000002a310000000-0x000002a350000000, reserved size: 1073741824
Narrow klass base: 0x000002a30f000000, Narrow klass shift: 0, Narrow klass range: 0x100000000

GC Precious Log:
 CardTable entry size: 512
 CPUs: 8 total, 8 available
 Memory: 7926M
 Large Page Support: Disabled
 NUMA Support: Disabled
 Compressed Oops: Enabled (32-bit)
 Alignments: Space 512K, Generation 512K, Heap 2M
 Heap Min Capacity: 100M
 Heap Initial Capacity: 100M
 Heap Max Capacity: 1G
 Pre-touch: Disabled
 Parallel Workers: 8

Heap:
 PSYoungGen      total 4096K, used 1638K [0x00000000eab00000, 0x00000000eb000000, 0x0000000100000000)
  eden space 3072K, 28% used [0x00000000eab00000,0x00000000eabdc4e8,0x00000000eae00000)
  from space 1024K, 73% used [0x00000000eaf00000,0x00000000eafbd390,0x00000000eb000000)
  to   space 1024K, 0% used [0x00000000eae00000,0x00000000eae00000,0x00000000eaf00000)
 ParOldGen       total 117760K, used 117516K [0x00000000c0000000, 0x00000000c7300000, 0x00000000eab00000)
  object space 117760K, 99% used [0x00000000c0000000,0x00000000c72c32a0,0x00000000c7300000)
 Metaspace       used 65677K, committed 67072K, reserved 1114112K
  class space    used 6697K, committed 7296K, reserved 1048576K

Card table byte_map: [0x000002a36ea40000,0x000002a36ec50000] _byte_map_base: 0x000002a36e440000

Marking Bits: (ParMarkBitMap*) 0x00007ffd8b953260
 Begin Bits: [0x000002a372290000, 0x000002a373290000)
 End Bits:   [0x000002a373290000, 0x000002a374290000)

Polling page: 0x000002a36cf00000

Metaspace:

Usage:
  Non-class:     57.60 MB used.
      Class:      6.54 MB used.
       Both:     64.14 MB used.

Virtual space:
  Non-class space:       64.00 MB reserved,      58.38 MB ( 91%) committed,  1 nodes.
      Class space:        1.00 GB reserved,       7.12 MB ( <1%) committed,  1 nodes.
             Both:        1.06 GB reserved,      65.50 MB (  6%) committed. 

Chunk freelists:
   Non-Class:  4.89 MB
       Class:  8.75 MB
        Both:  13.64 MB

MaxMetaspaceSize: unlimited
CompressedClassSpaceSize: 1.00 GB
Initial GC threshold: 21.00 MB
Current GC threshold: 97.31 MB
CDS: on
 - commit_granule_bytes: 65536.
 - commit_granule_words: 8192.
 - virtual_space_node_default_size: 8388608.
 - enlarge_chunks_in_place: 1.
 - use_allocation_guard: 0.


Internal statistics:

num_allocs_failed_limit: 11.
num_arena_births: 1194.
num_arena_deaths: 14.
num_vsnodes_births: 2.
num_vsnodes_deaths: 0.
num_space_committed: 1048.
num_space_uncommitted: 0.
num_chunks_returned_to_freelist: 25.
num_chunks_taken_from_freelist: 4116.
num_chunk_merges: 10.
num_chunk_splits: 2529.
num_chunks_enlarged: 1412.
num_inconsistent_stats: 0.

CodeHeap 'non-profiled nmethods': size=120000Kb used=4996Kb max_used=4996Kb free=115003Kb
 bounds [0x000002a307ad0000, 0x000002a307fc0000, 0x000002a30f000000]
CodeHeap 'profiled nmethods': size=120000Kb used=24303Kb max_used=24303Kb free=95696Kb
 bounds [0x000002a300000000, 0x000002a3017c0000, 0x000002a307530000]
CodeHeap 'non-nmethods': size=5760Kb used=1467Kb max_used=1526Kb free=4292Kb
 bounds [0x000002a307530000, 0x000002a3077a0000, 0x000002a307ad0000]
 total_blobs=11548 nmethods=10780 adapters=673
 compilation: enabled
              stopped_count=0, restarted_count=0
 full_count=0

Compilation events (20 events):
Event: 36.095 Thread 0x000002a374468c00 nmethod 11600 0x000002a3017a0e10 code [0x000002a3017a1040, 0x000002a3017a1560]
Event: 36.095 Thread 0x000002a374468c00 11597       2       org.apache.maven.model.merge.ModelMerger::mergeConfigurationContainer_Inherited (43 bytes)
Event: 36.095 Thread 0x000002a374468c00 nmethod 11597 0x000002a3017a1990 code [0x000002a3017a1b40, 0x000002a3017a1d00]
Event: 36.095 Thread 0x000002a374468c00 11601   !   2       org.codehaus.plexus.interpolation.StringSearchInterpolator::interpolate (53 bytes)
Event: 36.095 Thread 0x000002a374468c00 nmethod 11601 0x000002a3017a1e90 code [0x000002a3017a2060, 0x000002a3017a2368]
Event: 36.095 Thread 0x000002a374468c00 11599       1       org.apache.maven.model.RepositoryBase::getId (5 bytes)
Event: 36.095 Thread 0x000002a374468c00 nmethod 11599 0x000002a307faf490 code [0x000002a307faf620, 0x000002a307faf6e8]
Event: 36.096 Thread 0x000002a374468c00 11602       1       org.apache.maven.model.Model::getArtifactId (5 bytes)
Event: 36.096 Thread 0x000002a374468c00 nmethod 11602 0x000002a307faf790 code [0x000002a307faf920, 0x000002a307faf9e8]
Event: 36.097 Thread 0x000002a374468c00 11603       2       org.apache.maven.model.validation.DefaultModelValidator::validateNotNull (42 bytes)
Event: 36.097 Thread 0x000002a374468c00 nmethod 11603 0x000002a3017a2590 code [0x000002a3017a2780, 0x000002a3017a2b10]
Event: 36.097 Thread 0x000002a374468c00 11605       2       java.lang.Class::enumConstantDirectory (107 bytes)
Event: 36.099 Thread 0x000002a374468c00 nmethod 11605 0x000002a3017a2d10 code [0x000002a3017a2f40, 0x000002a3017a3470]
Event: 36.099 Thread 0x000002a374468c00 11604       2       java.lang.Enum::valueOf (73 bytes)
Event: 36.100 Thread 0x000002a374468c00 nmethod 11604 0x000002a3017a3790 code [0x000002a3017a39e0, 0x000002a3017a3f18]
Event: 36.138 Thread 0x000002a374468c00 11607       2       java.util.Formatter$FormatSpecifier::print (57 bytes)
Event: 36.139 Thread 0x000002a374468c00 nmethod 11607 0x000002a3017a4210 code [0x000002a3017a4420, 0x000002a3017a47e0]
Event: 36.143 Thread 0x000002a374468c00 11608       2       org.apache.maven.model.io.xpp3.MavenXpp3ReaderEx::parsePlugin (797 bytes)
Event: 36.149 Thread 0x000002a374468c00 nmethod 11608 0x000002a3017a4a90 code [0x000002a3017a5020, 0x000002a3017a73c0]
Event: 36.149 Thread 0x000002a374468c00 11609 % !   3       org.codehaus.plexus.util.xml.pull.MXParser::parseComment @ 81 (590 bytes)

GC Heap History (20 events):
Event: 35.392 GC heap before
{Heap before GC invocations=73 (full 3):
 PSYoungGen      total 5120K, used 4992K [0x00000000eab00000, 0x00000000eb100000, 0x0000000100000000)
  eden space 4096K, 100% used [0x00000000eab00000,0x00000000eaf00000,0x00000000eaf00000)
  from space 1024K, 87% used [0x00000000eaf00000,0x00000000eafe0000,0x00000000eb000000)
  to   space 1024K, 0% used [0x00000000eb000000,0x00000000eb000000,0x00000000eb100000)
 ParOldGen       total 110080K, used 109848K [0x00000000c0000000, 0x00000000c6b80000, 0x00000000eab00000)
  object space 110080K, 99% used [0x00000000c0000000,0x00000000c6b460e0,0x00000000c6b80000)
 Metaspace       used 64693K, committed 66048K, reserved 1114112K
  class space    used 6609K, committed 7232K, reserved 1048576K
}
Event: 35.399 GC heap after
{Heap after GC invocations=73 (full 3):
 PSYoungGen      total 5120K, used 992K [0x00000000eab00000, 0x00000000eb100000, 0x0000000100000000)
  eden space 4096K, 0% used [0x00000000eab00000,0x00000000eab00000,0x00000000eaf00000)
  from space 1024K, 96% used [0x00000000eb000000,0x00000000eb0f8000,0x00000000eb100000)
  to   space 1024K, 0% used [0x00000000eaf00000,0x00000000eaf00000,0x00000000eb000000)
 ParOldGen       total 111104K, used 110619K [0x00000000c0000000, 0x00000000c6c80000, 0x00000000eab00000)
  object space 111104K, 99% used [0x00000000c0000000,0x00000000c6c06d80,0x00000000c6c80000)
 Metaspace       used 64693K, committed 66048K, reserved 1114112K
  class space    used 6609K, committed 7232K, reserved 1048576K
}
Event: 35.533 GC heap before
{Heap before GC invocations=74 (full 3):
 PSYoungGen      total 5120K, used 5088K [0x00000000eab00000, 0x00000000eb100000, 0x0000000100000000)
  eden space 4096K, 100% used [0x00000000eab00000,0x00000000eaf00000,0x00000000eaf00000)
  from space 1024K, 96% used [0x00000000eb000000,0x00000000eb0f8000,0x00000000eb100000)
  to   space 1024K, 0% used [0x00000000eaf00000,0x00000000eaf00000,0x00000000eb000000)
 ParOldGen       total 111104K, used 110619K [0x00000000c0000000, 0x00000000c6c80000, 0x00000000eab00000)
  object space 111104K, 99% used [0x00000000c0000000,0x00000000c6c06d80,0x00000000c6c80000)
 Metaspace       used 64907K, committed 66240K, reserved 1114112K
  class space    used 6623K, committed 7232K, reserved 1048576K
}
Event: 35.537 GC heap after
{Heap after GC invocations=74 (full 3):
 PSYoungGen      total 5120K, used 846K [0x00000000eab00000, 0x00000000eb100000, 0x0000000100000000)
  eden space 4096K, 0% used [0x00000000eab00000,0x00000000eab00000,0x00000000eaf00000)
  from space 1024K, 82% used [0x00000000eaf00000,0x00000000eafd3890,0x00000000eb000000)
  to   space 1024K, 0% used [0x00000000eb000000,0x00000000eb000000,0x00000000eb100000)
 ParOldGen       total 111616K, used 111445K [0x00000000c0000000, 0x00000000c6d00000, 0x00000000eab00000)
  object space 111616K, 99% used [0x00000000c0000000,0x00000000c6cd5550,0x00000000c6d00000)
 Metaspace       used 64907K, committed 66240K, reserved 1114112K
  class space    used 6623K, committed 7232K, reserved 1048576K
}
Event: 35.562 GC heap before
{Heap before GC invocations=75 (full 3):
 PSYoungGen      total 5120K, used 4942K [0x00000000eab00000, 0x00000000eb100000, 0x0000000100000000)
  eden space 4096K, 100% used [0x00000000eab00000,0x00000000eaf00000,0x00000000eaf00000)
  from space 1024K, 82% used [0x00000000eaf00000,0x00000000eafd3890,0x00000000eb000000)
  to   space 1024K, 0% used [0x00000000eb000000,0x00000000eb000000,0x00000000eb100000)
 ParOldGen       total 111616K, used 111445K [0x00000000c0000000, 0x00000000c6d00000, 0x00000000eab00000)
  object space 111616K, 99% used [0x00000000c0000000,0x00000000c6cd5550,0x00000000c6d00000)
 Metaspace       used 65018K, committed 66368K, reserved 1114112K
  class space    used 6633K, committed 7232K, reserved 1048576K
}
Event: 35.567 GC heap after
{Heap after GC invocations=75 (full 3):
 PSYoungGen      total 5120K, used 928K [0x00000000eab00000, 0x00000000eb100000, 0x0000000100000000)
  eden space 4096K, 0% used [0x00000000eab00000,0x00000000eab00000,0x00000000eaf00000)
  from space 1024K, 90% used [0x00000000eb000000,0x00000000eb0e8000,0x00000000eb100000)
  to   space 1024K, 0% used [0x00000000eaf00000,0x00000000eaf00000,0x00000000eb000000)
 ParOldGen       total 112640K, used 112150K [0x00000000c0000000, 0x00000000c6e00000, 0x00000000eab00000)
  object space 112640K, 99% used [0x00000000c0000000,0x00000000c6d85900,0x00000000c6e00000)
 Metaspace       used 65018K, committed 66368K, reserved 1114112K
  class space    used 6633K, committed 7232K, reserved 1048576K
}
Event: 35.599 GC heap before
{Heap before GC invocations=76 (full 3):
 PSYoungGen      total 5120K, used 5024K [0x00000000eab00000, 0x00000000eb100000, 0x0000000100000000)
  eden space 4096K, 100% used [0x00000000eab00000,0x00000000eaf00000,0x00000000eaf00000)
  from space 1024K, 90% used [0x00000000eb000000,0x00000000eb0e8000,0x00000000eb100000)
  to   space 1024K, 0% used [0x00000000eaf00000,0x00000000eaf00000,0x00000000eb000000)
 ParOldGen       total 112640K, used 112150K [0x00000000c0000000, 0x00000000c6e00000, 0x00000000eab00000)
  object space 112640K, 99% used [0x00000000c0000000,0x00000000c6d85900,0x00000000c6e00000)
 Metaspace       used 65129K, committed 66496K, reserved 1114112K
  class space    used 6648K, committed 7232K, reserved 1048576K
}
Event: 35.602 GC heap after
{Heap after GC invocations=76 (full 3):
 PSYoungGen      total 5120K, used 928K [0x00000000eab00000, 0x00000000eb100000, 0x0000000100000000)
  eden space 4096K, 0% used [0x00000000eab00000,0x00000000eab00000,0x00000000eaf00000)
  from space 1024K, 90% used [0x00000000eaf00000,0x00000000eafe8000,0x00000000eb000000)
  to   space 1024K, 0% used [0x00000000eb000000,0x00000000eb000000,0x00000000eb100000)
 ParOldGen       total 113152K, used 112963K [0x00000000c0000000, 0x00000000c6e80000, 0x00000000eab00000)
  object space 113152K, 99% used [0x00000000c0000000,0x00000000c6e50fa8,0x00000000c6e80000)
 Metaspace       used 65129K, committed 66496K, reserved 1114112K
  class space    used 6648K, committed 7232K, reserved 1048576K
}
Event: 35.651 GC heap before
{Heap before GC invocations=77 (full 3):
 PSYoungGen      total 5120K, used 5024K [0x00000000eab00000, 0x00000000eb100000, 0x0000000100000000)
  eden space 4096K, 100% used [0x00000000eab00000,0x00000000eaf00000,0x00000000eaf00000)
  from space 1024K, 90% used [0x00000000eaf00000,0x00000000eafe8000,0x00000000eb000000)
  to   space 1024K, 0% used [0x00000000eb000000,0x00000000eb000000,0x00000000eb100000)
 ParOldGen       total 113152K, used 112963K [0x00000000c0000000, 0x00000000c6e80000, 0x00000000eab00000)
  object space 113152K, 99% used [0x00000000c0000000,0x00000000c6e50fa8,0x00000000c6e80000)
 Metaspace       used 65215K, committed 66624K, reserved 1114112K
  class space    used 6661K, committed 7296K, reserved 1048576K
}
Event: 35.654 GC heap after
{Heap after GC invocations=77 (full 3):
 PSYoungGen      total 4096K, used 1011K [0x00000000eab00000, 0x00000000eb300000, 0x0000000100000000)
  eden space 3072K, 0% used [0x00000000eab00000,0x00000000eab00000,0x00000000eae00000)
  from space 1024K, 98% used [0x00000000eb000000,0x00000000eb0fcfa8,0x00000000eb100000)
  to   space 2048K, 0% used [0x00000000eae00000,0x00000000eae00000,0x00000000eb000000)
 ParOldGen       total 114176K, used 113836K [0x00000000c0000000, 0x00000000c6f80000, 0x00000000eab00000)
  object space 114176K, 99% used [0x00000000c0000000,0x00000000c6f2b278,0x00000000c6f80000)
 Metaspace       used 65215K, committed 66624K, reserved 1114112K
  class space    used 6661K, committed 7296K, reserved 1048576K
}
Event: 35.670 GC heap before
{Heap before GC invocations=78 (full 3):
 PSYoungGen      total 4096K, used 4083K [0x00000000eab00000, 0x00000000eb300000, 0x0000000100000000)
  eden space 3072K, 100% used [0x00000000eab00000,0x00000000eae00000,0x00000000eae00000)
  from space 1024K, 98% used [0x00000000eb000000,0x00000000eb0fcfa8,0x00000000eb100000)
  to   space 2048K, 0% used [0x00000000eae00000,0x00000000eae00000,0x00000000eb000000)
 ParOldGen       total 114176K, used 113836K [0x00000000c0000000, 0x00000000c6f80000, 0x00000000eab00000)
  object space 114176K, 99% used [0x00000000c0000000,0x00000000c6f2b278,0x00000000c6f80000)
 Metaspace       used 65333K, committed 66688K, reserved 1114112K
  class space    used 6674K, committed 7296K, reserved 1048576K
}
Event: 35.673 GC heap after
{Heap after GC invocations=78 (full 3):
 PSYoungGen      total 4096K, used 631K [0x00000000eab00000, 0x00000000eb100000, 0x0000000100000000)
  eden space 3072K, 0% used [0x00000000eab00000,0x00000000eab00000,0x00000000eae00000)
  from space 1024K, 61% used [0x00000000eae00000,0x00000000eae9ddd0,0x00000000eaf00000)
  to   space 1536K, 0% used [0x00000000eaf80000,0x00000000eaf80000,0x00000000eb100000)
 ParOldGen       total 115200K, used 114851K [0x00000000c0000000, 0x00000000c7080000, 0x00000000eab00000)
  object space 115200K, 99% used [0x00000000c0000000,0x00000000c7028c20,0x00000000c7080000)
 Metaspace       used 65333K, committed 66688K, reserved 1114112K
  class space    used 6674K, committed 7296K, reserved 1048576K
}
Event: 35.761 GC heap before
{Heap before GC invocations=79 (full 3):
 PSYoungGen      total 4096K, used 3703K [0x00000000eab00000, 0x00000000eb100000, 0x0000000100000000)
  eden space 3072K, 100% used [0x00000000eab00000,0x00000000eae00000,0x00000000eae00000)
  from space 1024K, 61% used [0x00000000eae00000,0x00000000eae9ddd0,0x00000000eaf00000)
  to   space 1536K, 0% used [0x00000000eaf80000,0x00000000eaf80000,0x00000000eb100000)
 ParOldGen       total 115200K, used 114851K [0x00000000c0000000, 0x00000000c7080000, 0x00000000eab00000)
  object space 115200K, 99% used [0x00000000c0000000,0x00000000c7028c20,0x00000000c7080000)
 Metaspace       used 65513K, committed 66880K, reserved 1114112K
  class space    used 6693K, committed 7296K, reserved 1048576K
}
Event: 35.765 GC heap after
{Heap after GC invocations=79 (full 3):
 PSYoungGen      total 4096K, used 694K [0x00000000eab00000, 0x00000000eb080000, 0x0000000100000000)
  eden space 3072K, 0% used [0x00000000eab00000,0x00000000eab00000,0x00000000eae00000)
  from space 1024K, 67% used [0x00000000eaf80000,0x00000000eb02db48,0x00000000eb080000)
  to   space 1024K, 0% used [0x00000000eae00000,0x00000000eae00000,0x00000000eaf00000)
 ParOldGen       total 115712K, used 115375K [0x00000000c0000000, 0x00000000c7100000, 0x00000000eab00000)
  object space 115712K, 99% used [0x00000000c0000000,0x00000000c70abc68,0x00000000c7100000)
 Metaspace       used 65513K, committed 66880K, reserved 1114112K
  class space    used 6693K, committed 7296K, reserved 1048576K
}
Event: 35.887 GC heap before
{Heap before GC invocations=80 (full 3):
 PSYoungGen      total 4096K, used 3766K [0x00000000eab00000, 0x00000000eb080000, 0x0000000100000000)
  eden space 3072K, 99% used [0x00000000eab00000,0x00000000eadffff0,0x00000000eae00000)
  from space 1024K, 67% used [0x00000000eaf80000,0x00000000eb02db48,0x00000000eb080000)
  to   space 1024K, 0% used [0x00000000eae00000,0x00000000eae00000,0x00000000eaf00000)
 ParOldGen       total 115712K, used 115375K [0x00000000c0000000, 0x00000000c7100000, 0x00000000eab00000)
  object space 115712K, 99% used [0x00000000c0000000,0x00000000c70abc68,0x00000000c7100000)
 Metaspace       used 65567K, committed 67008K, reserved 1114112K
  class space    used 6694K, committed 7296K, reserved 1048576K
}
Event: 35.890 GC heap after
{Heap after GC invocations=80 (full 3):
 PSYoungGen      total 4096K, used 704K [0x00000000eab00000, 0x00000000eb000000, 0x0000000100000000)
  eden space 3072K, 0% used [0x00000000eab00000,0x00000000eab00000,0x00000000eae00000)
  from space 1024K, 68% used [0x00000000eae00000,0x00000000eaeb0000,0x00000000eaf00000)
  to   space 1024K, 0% used [0x00000000eaf00000,0x00000000eaf00000,0x00000000eb000000)
 ParOldGen       total 116224K, used 115905K [0x00000000c0000000, 0x00000000c7180000, 0x00000000eab00000)
  object space 116224K, 99% used [0x00000000c0000000,0x00000000c7130668,0x00000000c7180000)
 Metaspace       used 65567K, committed 67008K, reserved 1114112K
  class space    used 6694K, committed 7296K, reserved 1048576K
}
Event: 36.005 GC heap before
{Heap before GC invocations=81 (full 3):
 PSYoungGen      total 4096K, used 3776K [0x00000000eab00000, 0x00000000eb000000, 0x0000000100000000)
  eden space 3072K, 100% used [0x00000000eab00000,0x00000000eae00000,0x00000000eae00000)
  from space 1024K, 68% used [0x00000000eae00000,0x00000000eaeb0000,0x00000000eaf00000)
  to   space 1024K, 0% used [0x00000000eaf00000,0x00000000eaf00000,0x00000000eb000000)
 ParOldGen       total 116224K, used 115905K [0x00000000c0000000, 0x00000000c7180000, 0x00000000eab00000)
  object space 116224K, 99% used [0x00000000c0000000,0x00000000c7130668,0x00000000c7180000)
 Metaspace       used 65590K, committed 67008K, reserved 1114112K
  class space    used 6695K, committed 7296K, reserved 1048576K
}
Event: 36.008 GC heap after
{Heap after GC invocations=81 (full 3):
 PSYoungGen      total 4096K, used 658K [0x00000000eab00000, 0x00000000eb000000, 0x0000000100000000)
  eden space 3072K, 0% used [0x00000000eab00000,0x00000000eab00000,0x00000000eae00000)
  from space 1024K, 64% used [0x00000000eaf00000,0x00000000eafa4890,0x00000000eb000000)
  to   space 1024K, 0% used [0x00000000eae00000,0x00000000eae00000,0x00000000eaf00000)
 ParOldGen       total 116736K, used 116438K [0x00000000c0000000, 0x00000000c7200000, 0x00000000eab00000)
  object space 116736K, 99% used [0x00000000c0000000,0x00000000c71b5a10,0x00000000c7200000)
 Metaspace       used 65590K, committed 67008K, reserved 1114112K
  class space    used 6695K, committed 7296K, reserved 1048576K
}
Event: 36.128 GC heap before
{Heap before GC invocations=82 (full 3):
 PSYoungGen      total 4096K, used 3730K [0x00000000eab00000, 0x00000000eb000000, 0x0000000100000000)
  eden space 3072K, 100% used [0x00000000eab00000,0x00000000eae00000,0x00000000eae00000)
  from space 1024K, 64% used [0x00000000eaf00000,0x00000000eafa4890,0x00000000eb000000)
  to   space 1024K, 0% used [0x00000000eae00000,0x00000000eae00000,0x00000000eaf00000)
 ParOldGen       total 116736K, used 116438K [0x00000000c0000000, 0x00000000c7200000, 0x00000000eab00000)
  object space 116736K, 99% used [0x00000000c0000000,0x00000000c71b5a10,0x00000000c7200000)
 Metaspace       used 65624K, committed 67008K, reserved 1114112K
  class space    used 6696K, committed 7296K, reserved 1048576K
}
Event: 36.130 GC heap after
{Heap after GC invocations=82 (full 3):
 PSYoungGen      total 4096K, used 704K [0x00000000eab00000, 0x00000000eb000000, 0x0000000100000000)
  eden space 3072K, 0% used [0x00000000eab00000,0x00000000eab00000,0x00000000eae00000)
  from space 1024K, 68% used [0x00000000eae00000,0x00000000eaeb0000,0x00000000eaf00000)
  to   space 1024K, 0% used [0x00000000eaf00000,0x00000000eaf00000,0x00000000eb000000)
 ParOldGen       total 117248K, used 116996K [0x00000000c0000000, 0x00000000c7280000, 0x00000000eab00000)
  object space 117248K, 99% used [0x00000000c0000000,0x00000000c72412a0,0x00000000c7280000)
 Metaspace       used 65624K, committed 67008K, reserved 1114112K
  class space    used 6696K, committed 7296K, reserved 1048576K
}

Dll operation events (12 events):
Event: 0.026 Loaded shared library c:\Users\쾜粘麗旅\.cursor\extensions\redhat.java-1.41.1-win32-x64\jre\21.0.6-win32-x86_64\bin\java.dll
Event: 0.093 Loaded shared library c:\Users\쾜粘麗旅\.cursor\extensions\redhat.java-1.41.1-win32-x64\jre\21.0.6-win32-x86_64\bin\zip.dll
Event: 0.271 Loaded shared library C:\Users\쾜粘麗旅\.cursor\extensions\redhat.java-1.41.1-win32-x64\jre\21.0.6-win32-x86_64\bin\instrument.dll
Event: 0.283 Loaded shared library C:\Users\쾜粘麗旅\.cursor\extensions\redhat.java-1.41.1-win32-x64\jre\21.0.6-win32-x86_64\bin\net.dll
Event: 0.286 Loaded shared library C:\Users\쾜粘麗旅\.cursor\extensions\redhat.java-1.41.1-win32-x64\jre\21.0.6-win32-x86_64\bin\nio.dll
Event: 0.292 Loaded shared library C:\Users\쾜粘麗旅\.cursor\extensions\redhat.java-1.41.1-win32-x64\jre\21.0.6-win32-x86_64\bin\zip.dll
Event: 0.343 Loaded shared library C:\Users\쾜粘麗旅\.cursor\extensions\redhat.java-1.41.1-win32-x64\jre\21.0.6-win32-x86_64\bin\jimage.dll
Event: 0.572 Loaded shared library c:\Users\쾜粘麗旅\.cursor\extensions\redhat.java-1.41.1-win32-x64\jre\21.0.6-win32-x86_64\bin\verify.dll
Event: 3.634 Loaded shared library C:\Users\쾜粘麗旅\AppData\Roaming\Cursor\User\globalStorage\redhat.java\1.41.1\config_win\org.eclipse.equinox.launcher\org.eclipse.equinox.launcher.win32.win32.x86_64_1.2.1300.v20250331-1702\eclipse_11911.dll
Event: 8.319 Loaded shared library C:\Users\쾜粘麗旅\AppData\Local\Temp\jna-1173764106\jna16736215017268925342.dll
Event: 13.424 Loaded shared library C:\Users\쾜粘麗旅\.cursor\extensions\redhat.java-1.41.1-win32-x64\jre\21.0.6-win32-x86_64\bin\sunmscapi.dll
Event: 16.013 Loaded shared library C:\Users\쾜粘麗旅\.cursor\extensions\redhat.java-1.41.1-win32-x64\jre\21.0.6-win32-x86_64\bin\extnet.dll

Deoptimization events (20 events):
Event: 35.823 Thread 0x000002a37eaa6dc0 DEOPT PACKING pc=0x000002a307c978c8 sp=0x000000b353bfd770
Event: 35.823 Thread 0x000002a37eaa6dc0 DEOPT UNPACKING pc=0x000002a307586da2 sp=0x000000b353bfd6a0 mode 2
Event: 35.828 Thread 0x000002a37d553500 DEOPT PACKING pc=0x000002a301422d2a sp=0x000000b3537fe7c0
Event: 35.828 Thread 0x000002a37d553500 DEOPT UNPACKING pc=0x000002a3075878e2 sp=0x000000b3537fdd48 mode 0
Event: 35.829 Thread 0x000002a37d553500 DEOPT PACKING pc=0x000002a301300ad3 sp=0x000000b3537fe800
Event: 35.829 Thread 0x000002a37d553500 DEOPT UNPACKING pc=0x000002a3075878e2 sp=0x000000b3537fdd68 mode 0
Event: 35.951 Thread 0x000002a37d553500 DEOPT PACKING pc=0x000002a301300ad3 sp=0x000000b3537fe800
Event: 35.951 Thread 0x000002a37d553500 DEOPT UNPACKING pc=0x000002a3075878e2 sp=0x000000b3537fdd68 mode 0
Event: 35.954 Thread 0x000002a37eaa6dc0 Uncommon trap: trap_request=0xffffff45 fr.pc=0x000002a307d1f6a4 relative=0x0000000000000344
Event: 35.954 Thread 0x000002a37eaa6dc0 Uncommon trap: reason=unstable_if action=reinterpret pc=0x000002a307d1f6a4 method=java.lang.ThreadLocal$ThreadLocalMap.set(Ljava/lang/ThreadLocal;Ljava/lang/Object;)V @ 116 c2
Event: 35.954 Thread 0x000002a37eaa6dc0 DEOPT PACKING pc=0x000002a307d1f6a4 sp=0x000000b353bfd750
Event: 35.954 Thread 0x000002a37eaa6dc0 DEOPT UNPACKING pc=0x000002a307586da2 sp=0x000000b353bfd6d8 mode 2
Event: 35.992 Thread 0x000002a37d553500 DEOPT PACKING pc=0x000002a301422d2a sp=0x000000b3537fe7c0
Event: 35.992 Thread 0x000002a37d553500 DEOPT UNPACKING pc=0x000002a3075878e2 sp=0x000000b3537fdd48 mode 0
Event: 36.041 Thread 0x000002a37eaa6dc0 Uncommon trap: trap_request=0xffffff45 fr.pc=0x000002a307ce1f4c relative=0x00000000000000ac
Event: 36.041 Thread 0x000002a37eaa6dc0 Uncommon trap: reason=unstable_if action=reinterpret pc=0x000002a307ce1f4c method=java.lang.CharacterDataLatin1.digit(II)I @ 12 c2
Event: 36.042 Thread 0x000002a37eaa6dc0 DEOPT PACKING pc=0x000002a307ce1f4c sp=0x000000b353bfd600
Event: 36.042 Thread 0x000002a37eaa6dc0 DEOPT UNPACKING pc=0x000002a307586da2 sp=0x000000b353bfd578 mode 2
Event: 36.083 Thread 0x000002a37d553500 DEOPT PACKING pc=0x000002a301300ad3 sp=0x000000b3537fe800
Event: 36.083 Thread 0x000002a37d553500 DEOPT UNPACKING pc=0x000002a3075878e2 sp=0x000000b3537fdd68 mode 0

Classes loaded (20 events):
Event: 31.681 Loading class java/util/stream/Sink$OfInt
Event: 31.682 Loading class java/util/stream/Sink$OfInt done
Event: 31.682 Loading class java/util/stream/Node$Builder$OfInt done
Event: 31.682 Loading class java/util/stream/Nodes$IntArrayNode
Event: 31.682 Loading class java/util/stream/Nodes$IntArrayNode done
Event: 31.682 Loading class java/util/stream/Nodes$IntFixedNodeBuilder done
Event: 31.682 Loading class java/util/stream/ReferencePipeline$4$1
Event: 31.682 Loading class java/util/stream/ReferencePipeline$4$1 done
Event: 33.256 Loading class sun/nio/cs/ISO_8859_1$Encoder
Event: 33.256 Loading class sun/nio/cs/ISO_8859_1$Encoder done
Event: 33.256 Loading class sun/nio/cs/Surrogate$Parser
Event: 33.257 Loading class sun/nio/cs/Surrogate$Parser done
Event: 33.257 Loading class sun/nio/cs/Surrogate
Event: 33.257 Loading class sun/nio/cs/Surrogate done
Event: 34.858 Loading class jdk/internal/module/IllegalAccessLogger
Event: 34.858 Loading class jdk/internal/module/IllegalAccessLogger done
Event: 35.686 Loading class java/util/stream/IntPipeline$Head
Event: 35.686 Loading class java/util/stream/IntPipeline$Head done
Event: 35.900 Loading class java/util/stream/Streams$RangeIntSpliterator
Event: 35.900 Loading class java/util/stream/Streams$RangeIntSpliterator done

Classes unloaded (7 events):
Event: 10.308 Thread 0x000002a36f15e7c0 Unloading class 0x000002a310192000 'java/lang/invoke/LambdaForm$MH+0x000002a310192000'
Event: 10.308 Thread 0x000002a36f15e7c0 Unloading class 0x000002a310191c00 'java/lang/invoke/LambdaForm$MH+0x000002a310191c00'
Event: 10.308 Thread 0x000002a36f15e7c0 Unloading class 0x000002a310191800 'java/lang/invoke/LambdaForm$MH+0x000002a310191800'
Event: 10.308 Thread 0x000002a36f15e7c0 Unloading class 0x000002a310191400 'java/lang/invoke/LambdaForm$MH+0x000002a310191400'
Event: 10.308 Thread 0x000002a36f15e7c0 Unloading class 0x000002a310191000 'java/lang/invoke/LambdaForm$BMH+0x000002a310191000'
Event: 10.308 Thread 0x000002a36f15e7c0 Unloading class 0x000002a310190c00 'java/lang/invoke/LambdaForm$DMH+0x000002a310190c00'
Event: 10.308 Thread 0x000002a36f15e7c0 Unloading class 0x000002a31018bc00 'java/lang/invoke/LambdaForm$DMH+0x000002a31018bc00'

Classes redefined (0 events):
No events

Internal exceptions (20 events):
Event: 24.435 Thread 0x000002a37a192200 Exception <a 'sun/nio/fs/WindowsException'{0x00000000eb798138}> (0x00000000eb798138) 
thrown [s\src\hotspot\share\prims\jni.cpp, line 520]
Event: 24.449 Thread 0x000002a350e4c8a0 Exception <a 'sun/nio/fs/WindowsException'{0x00000000eb7ab648}> (0x00000000eb7ab648) 
thrown [s\src\hotspot\share\prims\jni.cpp, line 520]
Event: 24.452 Thread 0x000002a37a192890 Exception <a 'sun/nio/fs/WindowsException'{0x00000000eb76e1e0}> (0x00000000eb76e1e0) 
thrown [s\src\hotspot\share\prims\jni.cpp, line 520]
Event: 24.459 Thread 0x000002a350e4fd20 Exception <a 'sun/nio/fs/WindowsException'{0x00000000eb7a1ab8}> (0x00000000eb7a1ab8) 
thrown [s\src\hotspot\share\prims\jni.cpp, line 520]
Event: 24.564 Thread 0x000002a37a190130 Exception <a 'sun/nio/fs/WindowsException'{0x00000000eb71bb08}> (0x00000000eb71bb08) 
thrown [s\src\hotspot\share\prims\jni.cpp, line 520]
Event: 25.013 Thread 0x000002a37eaa6dc0 Exception <a 'sun/nio/fs/WindowsException'{0x00000000eadf76e8}> (0x00000000eadf76e8) 
thrown [s\src\hotspot\share\prims\jni.cpp, line 520]
Event: 29.252 Thread 0x000002a37eaa6dc0 Exception <a 'java/lang/NoSuchMethodError'{0x00000000eb6a17d8}: 'java.lang.Object java.lang.invoke.DirectMethodHandle$Holder.invokeStatic(java.lang.Object, java.lang.Object, int, int)'> (0x00000000eb6a17d8) 
thrown [s\src\hotspot\share\interpreter\linkResolver.cpp, line 773]
Event: 29.252 Thread 0x000002a37eaa6dc0 Exception <a 'java/lang/NoSuchMethodError'{0x00000000eb6a5bd8}: 'java.lang.Object java.lang.invoke.DirectMethodHandle$Holder.invokeSpecial(java.lang.Object, java.lang.Object, java.lang.Object, int, int)'> (0x00000000eb6a5bd8) 
thrown [s\src\hotspot\share\interpreter\linkResolver.cpp, line 773]
Event: 29.253 Thread 0x000002a37eaa6dc0 Implicit null exception at 0x000002a307c9a083 to 0x000002a307c9a304
Event: 29.749 Thread 0x000002a37eaa6dc0 Exception <a 'java/lang/NoSuchMethodError'{0x00000000eabfc408}: 'int java.lang.invoke.DirectMethodHandle$Holder.invokeSpecialIFC(java.lang.Object, java.lang.Object, java.lang.Object)'> (0x00000000eabfc408) 
thrown [s\src\hotspot\share\interpreter\linkResolver.cpp, line 773]
Event: 30.806 Thread 0x000002a37eaa6dc0 Implicit null exception at 0x000002a307d837c6 to 0x000002a307d8380f
Event: 31.437 Thread 0x000002a350e503b0 Exception <a 'java/lang/NoSuchMethodError'{0x00000000eb0cd748}: 'void java.lang.invoke.DirectMethodHandle$Holder.invokeStatic(java.lang.Object, int, java.lang.Object)'> (0x00000000eb0cd748) 
thrown [s\src\hotspot\share\interpreter\linkResolver.cpp, line 773]
Event: 31.531 Thread 0x000002a37eaa6dc0 Exception <a 'java/lang/NoSuchMethodError'{0x00000000eb5d2fe8}: 'java.lang.Object java.lang.invoke.DirectMethodHandle$Holder.newInvokeSpecial(java.lang.Object, java.lang.Object, int, int, java.lang.Object)'> (0x00000000eb5d2fe8) 
thrown [s\src\hotspot\share\interpreter\linkResolver.cpp, line 773]
Event: 34.423 Thread 0x000002a37eaa6dc0 Exception <a 'sun/nio/fs/WindowsException'{0x00000000eab06440}> (0x00000000eab06440) 
thrown [s\src\hotspot\share\prims\jni.cpp, line 520]
Event: 34.431 Thread 0x000002a37a195d10 Exception <a 'sun/nio/fs/WindowsException'{0x00000000eab85d60}> (0x00000000eab85d60) 
thrown [s\src\hotspot\share\prims\jni.cpp, line 520]
Event: 34.438 Thread 0x000002a37a195d10 Exception <a 'sun/nio/fs/WindowsException'{0x00000000eab98708}> (0x00000000eab98708) 
thrown [s\src\hotspot\share\prims\jni.cpp, line 520]
Event: 34.878 Thread 0x000002a37eaa6dc0 Exception <a 'sun/nio/fs/WindowsException'{0x00000000ead2a960}> (0x00000000ead2a960) 
thrown [s\src\hotspot\share\prims\jni.cpp, line 520]
Event: 34.879 Thread 0x000002a37eaa6dc0 Exception <a 'sun/nio/fs/WindowsException'{0x00000000ead695d0}> (0x00000000ead695d0) 
thrown [s\src\hotspot\share\prims\jni.cpp, line 520]
Event: 35.686 Thread 0x000002a37eaa6dc0 Exception <a 'java/lang/NoSuchMethodError'{0x00000000eab92470}: 'void java.lang.invoke.DirectMethodHandle$Holder.invokeStatic(java.lang.Object, java.lang.Object, java.lang.Object, int)'> (0x00000000eab92470) 
thrown [s\src\hotspot\share\interpreter\linkResolver.cpp, line 773]
Event: 35.715 Thread 0x000002a37eaa6dc0 Exception <a 'java/lang/NoSuchMethodError'{0x00000000eac6a1a0}: 'void java.lang.invoke.DirectMethodHandle$Holder.invokeVirtual(java.lang.Object, java.lang.Object, int)'> (0x00000000eac6a1a0) 
thrown [s\src\hotspot\share\interpreter\linkResolver.cpp, line 773]

ZGC Phase Switch (0 events):
No events

VM Operations (20 events):
Event: 35.392 Executing VM operation: ParallelGCFailedAllocation (Allocation Failure)
Event: 35.399 Executing VM operation: ParallelGCFailedAllocation (Allocation Failure) done
Event: 35.521 Executing VM operation: ParallelGCFailedAllocation (Allocation Failure)
Event: 35.537 Executing VM operation: ParallelGCFailedAllocation (Allocation Failure) done
Event: 35.562 Executing VM operation: ParallelGCFailedAllocation (Allocation Failure)
Event: 35.567 Executing VM operation: ParallelGCFailedAllocation (Allocation Failure) done
Event: 35.599 Executing VM operation: ParallelGCFailedAllocation (Allocation Failure)
Event: 35.602 Executing VM operation: ParallelGCFailedAllocation (Allocation Failure) done
Event: 35.651 Executing VM operation: ParallelGCFailedAllocation (Allocation Failure)
Event: 35.654 Executing VM operation: ParallelGCFailedAllocation (Allocation Failure) done
Event: 35.670 Executing VM operation: ParallelGCFailedAllocation (Allocation Failure)
Event: 35.673 Executing VM operation: ParallelGCFailedAllocation (Allocation Failure) done
Event: 35.761 Executing VM operation: ParallelGCFailedAllocation (Allocation Failure)
Event: 35.765 Executing VM operation: ParallelGCFailedAllocation (Allocation Failure) done
Event: 35.886 Executing VM operation: ParallelGCFailedAllocation (Allocation Failure)
Event: 35.890 Executing VM operation: ParallelGCFailedAllocation (Allocation Failure) done
Event: 36.005 Executing VM operation: ParallelGCFailedAllocation (Allocation Failure)
Event: 36.008 Executing VM operation: ParallelGCFailedAllocation (Allocation Failure) done
Event: 36.128 Executing VM operation: ParallelGCFailedAllocation (Allocation Failure)
Event: 36.130 Executing VM operation: ParallelGCFailedAllocation (Allocation Failure) done

Memory protections (0 events):
No events

Nmethod flushes (20 events):
Event: 28.217 Thread 0x000002a36f15e7c0 flushing  nmethod 0x000002a300960690
Event: 28.217 Thread 0x000002a36f15e7c0 flushing  nmethod 0x000002a300963810
Event: 28.217 Thread 0x000002a36f15e7c0 flushing  nmethod 0x000002a300969d10
Event: 28.217 Thread 0x000002a36f15e7c0 flushing  nmethod 0x000002a30096b090
Event: 28.217 Thread 0x000002a36f15e7c0 flushing  nmethod 0x000002a30096c610
Event: 28.217 Thread 0x000002a36f15e7c0 flushing  nmethod 0x000002a30096cc10
Event: 28.217 Thread 0x000002a36f15e7c0 flushing  nmethod 0x000002a30096e210
Event: 28.217 Thread 0x000002a36f15e7c0 flushing  nmethod 0x000002a300972410
Event: 28.217 Thread 0x000002a36f15e7c0 flushing  nmethod 0x000002a300972c90
Event: 28.217 Thread 0x000002a36f15e7c0 flushing  nmethod 0x000002a300973110
Event: 28.217 Thread 0x000002a36f15e7c0 flushing  nmethod 0x000002a300973690
Event: 28.217 Thread 0x000002a36f15e7c0 flushing  nmethod 0x000002a300979190
Event: 28.217 Thread 0x000002a36f15e7c0 flushing  nmethod 0x000002a30097a090
Event: 28.217 Thread 0x000002a36f15e7c0 flushing  nmethod 0x000002a30097a690
Event: 28.217 Thread 0x000002a36f15e7c0 flushing  nmethod 0x000002a30097af10
Event: 28.217 Thread 0x000002a36f15e7c0 flushing  nmethod 0x000002a30097b690
Event: 28.217 Thread 0x000002a36f15e7c0 flushing  nmethod 0x000002a30097c190
Event: 28.217 Thread 0x000002a36f15e7c0 flushing  nmethod 0x000002a30097c690
Event: 28.217 Thread 0x000002a36f15e7c0 flushing  nmethod 0x000002a30097ce90
Event: 28.217 Thread 0x000002a36f15e7c0 flushing osr nmethod 0x000002a300998810

Events (20 events):
Event: 24.370 Thread 0x000002a37a190130 Thread added: 0x000002a37a1907c0
Event: 24.371 Thread 0x000002a37a1907c0 Thread added: 0x000002a37a190e50
Event: 24.373 Thread 0x000002a37a195d10 Thread added: 0x000002a37a192200
Event: 24.373 Thread 0x000002a37a190e50 Thread added: 0x000002a37a192890
Event: 24.374 Thread 0x000002a37a192890 Thread added: 0x000002a350e4c8a0
Event: 24.374 Thread 0x000002a37a192200 Thread added: 0x000002a350e4fd20
Event: 25.088 Thread 0x000002a37eaa6dc0 Thread added: 0x000002a350e4b4f0
Event: 25.088 Thread 0x000002a37eaa6dc0 Thread added: 0x000002a350e4f000
Event: 25.088 Thread 0x000002a37eaa6dc0 Thread added: 0x000002a350e4cf30
Event: 25.088 Thread 0x000002a37eaa6dc0 Thread added: 0x000002a350e52480
Event: 25.088 Thread 0x000002a37eaa6dc0 Thread added: 0x000002a350e4d5c0
Event: 25.088 Thread 0x000002a37eaa6dc0 Thread added: 0x000002a350e4e2e0
Event: 28.320 Thread 0x000002a37a18e6f0 Thread exited: 0x000002a37a18e6f0
Event: 31.313 Thread 0x000002a37eaa6dc0 Thread added: 0x000002a350e503b0
Event: 31.535 Thread 0x000002a37eaa6dc0 Thread added: 0x000002a350e4e970
Event: 31.586 Thread 0x000002a37eaa6dc0 Thread added: 0x000002a350e50a40
Event: 31.645 Thread 0x000002a37eaa6dc0 Thread added: 0x000002a350e510d0
Event: 31.883 Thread 0x000002a37eaa6dc0 Thread added: 0x000002a350e4f690
Event: 31.990 Thread 0x000002a37eaa6dc0 Thread added: 0x000002a350e51760
Event: 32.108 Thread 0x000002a37eaa6dc0 Thread added: 0x000002a350e51df0


Dynamic libraries:
0x00007ff65d140000 - 0x00007ff65d14e000 	c:\Users\쾜粘麗旅\.cursor\extensions\redhat.java-1.41.1-win32-x64\jre\21.0.6-win32-x86_64\bin\java.exe
0x00007ffe0cc30000 - 0x00007ffe0ce47000 	C:\Windows\SYSTEM32\ntdll.dll
0x00007ffe0c000000 - 0x00007ffe0c0c4000 	C:\Windows\System32\KERNEL32.DLL
0x00007ffe0a1e0000 - 0x00007ffe0a5b3000 	C:\Windows\System32\KERNELBASE.dll
0x00007ffe09d40000 - 0x00007ffe09e51000 	C:\Windows\System32\ucrtbase.dll
0x00007ffe00460000 - 0x00007ffe00478000 	c:\Users\쾜粘麗旅\.cursor\extensions\redhat.java-1.41.1-win32-x64\jre\21.0.6-win32-x86_64\bin\jli.dll
0x00007ffe0aaf0000 - 0x00007ffe0aca1000 	C:\Windows\System32\USER32.dll
0x00007ffe0a870000 - 0x00007ffe0a896000 	C:\Windows\System32\win32u.dll
0x00007ffe0cbc0000 - 0x00007ffe0cbe9000 	C:\Windows\System32\GDI32.dll
0x00007ffe09f80000 - 0x00007ffe0a09b000 	C:\Windows\System32\gdi32full.dll
0x00007ffe09ee0000 - 0x00007ffe09f7a000 	C:\Windows\System32\msvcp_win.dll
0x00007ffdfb510000 - 0x00007ffdfb52e000 	c:\Users\쾜粘麗旅\.cursor\extensions\redhat.java-1.41.1-win32-x64\jre\21.0.6-win32-x86_64\bin\VCRUNTIME140.dll
0x00007ffe090d0000 - 0x00007ffe09368000 	C:\Windows\WinSxS\amd64_microsoft.windows.common-controls_6595b64144ccf1df_6.0.22621.5124_none_270e8f4f7386d69d\COMCTL32.dll
0x00007ffe0b1a0000 - 0x00007ffe0b247000 	C:\Windows\System32\msvcrt.dll
0x00007ffe0cb60000 - 0x00007ffe0cb91000 	C:\Windows\System32\IMM32.DLL
0x00007ffe08c80000 - 0x00007ffe08c8c000 	c:\Users\쾜粘麗旅\.cursor\extensions\redhat.java-1.41.1-win32-x64\jre\21.0.6-win32-x86_64\bin\vcruntime140_1.dll
0x00007ffdd7040000 - 0x00007ffdd70cd000 	c:\Users\쾜粘麗旅\.cursor\extensions\redhat.java-1.41.1-win32-x64\jre\21.0.6-win32-x86_64\bin\msvcp140.dll
0x00007ffd8aca0000 - 0x00007ffd8ba30000 	c:\Users\쾜粘麗旅\.cursor\extensions\redhat.java-1.41.1-win32-x64\jre\21.0.6-win32-x86_64\bin\server\jvm.dll
0x00007ffe0acb0000 - 0x00007ffe0ad61000 	C:\Windows\System32\ADVAPI32.dll
0x00007ffe0b0d0000 - 0x00007ffe0b178000 	C:\Windows\System32\sechost.dll
0x00007ffe0a8a0000 - 0x00007ffe0a8c8000 	C:\Windows\System32\bcrypt.dll
0x00007ffe0afb0000 - 0x00007ffe0b0c4000 	C:\Windows\System32\RPCRT4.dll
0x00007ffe0ae80000 - 0x00007ffe0aef1000 	C:\Windows\System32\WS2_32.dll
0x00007ffe09c10000 - 0x00007ffe09c5d000 	C:\Windows\SYSTEM32\POWRPROF.dll
0x00007ffe03620000 - 0x00007ffe03654000 	C:\Windows\SYSTEM32\WINMM.dll
0x00007ffe07b80000 - 0x00007ffe07b8a000 	C:\Windows\SYSTEM32\VERSION.dll
0x00007ffe09bf0000 - 0x00007ffe09c03000 	C:\Windows\SYSTEM32\UMPDC.dll
0x00007ffe07df0000 - 0x00007ffe07e08000 	C:\Windows\SYSTEM32\kernel.appcore.dll
0x00007ffe08ae0000 - 0x00007ffe08aea000 	c:\Users\쾜粘麗旅\.cursor\extensions\redhat.java-1.41.1-win32-x64\jre\21.0.6-win32-x86_64\bin\jimage.dll
0x00007ffe09370000 - 0x00007ffe095a2000 	C:\Windows\SYSTEM32\DBGHELP.DLL
0x00007ffe0c550000 - 0x00007ffe0c8e2000 	C:\Windows\System32\combase.dll
0x00007ffe0c3f0000 - 0x00007ffe0c4c7000 	C:\Windows\System32\OLEAUT32.dll
0x00007ffe096e0000 - 0x00007ffe09712000 	C:\Windows\SYSTEM32\dbgcore.DLL
0x00007ffe0a5c0000 - 0x00007ffe0a63b000 	C:\Windows\System32\bcryptPrimitives.dll
0x00007ffe014c0000 - 0x00007ffe014cf000 	c:\Users\쾜粘麗旅\.cursor\extensions\redhat.java-1.41.1-win32-x64\jre\21.0.6-win32-x86_64\bin\instrument.dll
0x00007ffdfb4f0000 - 0x00007ffdfb50f000 	c:\Users\쾜粘麗旅\.cursor\extensions\redhat.java-1.41.1-win32-x64\jre\21.0.6-win32-x86_64\bin\java.dll
0x00007ffe0b750000 - 0x00007ffe0bfe6000 	C:\Windows\System32\SHELL32.dll
0x00007ffe0a0a0000 - 0x00007ffe0a1df000 	C:\Windows\System32\wintypes.dll
0x00007ffe06cc0000 - 0x00007ffe075da000 	C:\Windows\SYSTEM32\windows.storage.dll
0x00007ffe0c9e0000 - 0x00007ffe0caea000 	C:\Windows\System32\SHCORE.dll
0x00007ffe0b6e0000 - 0x00007ffe0b743000 	C:\Windows\System32\shlwapi.dll
0x00007ffe09c70000 - 0x00007ffe09c9b000 	C:\Windows\SYSTEM32\profapi.dll
0x00007ffdfb470000 - 0x00007ffdfb488000 	c:\Users\쾜粘麗旅\.cursor\extensions\redhat.java-1.41.1-win32-x64\jre\21.0.6-win32-x86_64\bin\zip.dll
0x00007ffe00f70000 - 0x00007ffe00f80000 	C:\Users\쾜粘麗旅\.cursor\extensions\redhat.java-1.41.1-win32-x64\jre\21.0.6-win32-x86_64\bin\net.dll
0x00007ffe05940000 - 0x00007ffe05a6c000 	C:\Windows\SYSTEM32\WINHTTP.dll
0x00007ffe08220000 - 0x00007ffe0828a000 	C:\Windows\system32\mswsock.dll
0x00007ffdfb360000 - 0x00007ffdfb376000 	C:\Users\쾜粘麗旅\.cursor\extensions\redhat.java-1.41.1-win32-x64\jre\21.0.6-win32-x86_64\bin\nio.dll
0x00007ffe00450000 - 0x00007ffe00460000 	c:\Users\쾜粘麗旅\.cursor\extensions\redhat.java-1.41.1-win32-x64\jre\21.0.6-win32-x86_64\bin\verify.dll
0x00007ffdd6ff0000 - 0x00007ffdd7035000 	C:\Users\쾜粘麗旅\AppData\Roaming\Cursor\User\globalStorage\redhat.java\1.41.1\config_win\org.eclipse.equinox.launcher\org.eclipse.equinox.launcher.win32.win32.x86_64_1.2.1300.v20250331-1702\eclipse_11911.dll
0x00007ffe0a8d0000 - 0x00007ffe0aa71000 	C:\Windows\System32\ole32.dll
0x00007ffe098f0000 - 0x00007ffe0990b000 	C:\Windows\SYSTEM32\CRYPTSP.dll
0x00007ffe07d50000 - 0x00007ffe07d87000 	C:\Windows\system32\rsaenh.dll
0x00007ffe082c0000 - 0x00007ffe082e8000 	C:\Windows\SYSTEM32\USERENV.dll
0x00007ffe08550000 - 0x00007ffe0855c000 	C:\Windows\SYSTEM32\CRYPTBASE.dll
0x00007ffe07840000 - 0x00007ffe0786d000 	C:\Windows\SYSTEM32\IPHLPAPI.DLL
0x00007ffe0aad0000 - 0x00007ffe0aad9000 	C:\Windows\System32\NSI.dll
0x00007ffdd58e0000 - 0x00007ffdd5929000 	C:\Users\쾜粘麗旅\AppData\Local\Temp\jna-1173764106\jna16736215017268925342.dll
0x00007ffe0b250000 - 0x00007ffe0b258000 	C:\Windows\System32\PSAPI.DLL
0x00007ffe04720000 - 0x00007ffe04739000 	C:\Windows\SYSTEM32\dhcpcsvc6.DLL
0x00007ffe04410000 - 0x00007ffe0442f000 	C:\Windows\SYSTEM32\dhcpcsvc.DLL
0x00007ffdfb830000 - 0x00007ffdfb83e000 	C:\Users\쾜粘麗旅\.cursor\extensions\redhat.java-1.41.1-win32-x64\jre\21.0.6-win32-x86_64\bin\sunmscapi.dll
0x00007ffe0a640000 - 0x00007ffe0a7a7000 	C:\Windows\System32\CRYPT32.dll
0x00007ffe09670000 - 0x00007ffe0969d000 	C:\Windows\SYSTEM32\ncrypt.dll
0x00007ffe095f0000 - 0x00007ffe09627000 	C:\Windows\SYSTEM32\NTASN1.dll
0x00007ffe078b0000 - 0x00007ffe079b2000 	C:\Windows\SYSTEM32\DNSAPI.dll
0x00007ffe025c0000 - 0x00007ffe025ca000 	C:\Windows\System32\rasadhlp.dll
0x00007ffe01b90000 - 0x00007ffe01c13000 	C:\Windows\System32\fwpuclnt.dll
0x00007ffdfb790000 - 0x00007ffdfb799000 	C:\Users\쾜粘麗旅\.cursor\extensions\redhat.java-1.41.1-win32-x64\jre\21.0.6-win32-x86_64\bin\extnet.dll

dbghelp: loaded successfully - version: 4.0.5 - missing functions: none
symbol engine: initialized successfully - sym options: 0x614 - pdb path: .;c:\Users\쾜粘麗旅\.cursor\extensions\redhat.java-1.41.1-win32-x64\jre\21.0.6-win32-x86_64\bin;C:\Windows\SYSTEM32;C:\Windows\WinSxS\amd64_microsoft.windows.common-controls_6595b64144ccf1df_6.0.22621.5124_none_270e8f4f7386d69d;c:\Users\쾜粘麗旅\.cursor\extensions\redhat.java-1.41.1-win32-x64\jre\21.0.6-win32-x86_64\bin\server;C:\Users\쾜粘麗旅\AppData\Roaming\Cursor\User\globalStorage\redhat.java\1.41.1\config_win\org.eclipse.equinox.launcher\org.eclipse.equinox.launcher.win32.win32.x86_64_1.2.1300.v20250331-1702;C:\Users\쾜粘麗旅\AppData\Local\Temp\jna-1173764106

VM Arguments:
jvm_args: --add-modules=ALL-SYSTEM --add-opens=java.base/java.util=ALL-UNNAMED --add-opens=java.base/java.lang=ALL-UNNAMED --add-opens=java.base/sun.nio.fs=ALL-UNNAMED -Declipse.application=org.eclipse.jdt.ls.core.id1 -Dosgi.bundles.defaultStartLevel=4 -Declipse.product=org.eclipse.jdt.ls.core.product -Djava.import.generatesMetadataFilesAtProjectRoot=false -DDetectVMInstallationsJob.disabled=true -Dfile.encoding=utf8 -XX:+UseParallelGC -XX:GCTimeRatio=4 -XX:AdaptiveSizePolicyWeight=90 -Dsun.zip.disableMemoryMapping=true -Xmx1G -Xms100m -Xlog:disable -javaagent:c:\Users\쾜粘麗旅\.cursor\extensions\redhat.java-1.41.1-win32-x64\lombok\lombok-1.18.36.jar -XX:+HeapDumpOnOutOfMemoryError -XX:HeapDumpPath=c:\Users\쾜粘麗旅\AppData\Roaming\Cursor\User\workspaceStorage\17a9cc18882ef2dc55c34f060ec7082e\redhat.java -Daether.dependencyCollector.impl=bf 
java_command: c:\Users\쾜粘麗旅\.cursor\extensions\redhat.java-1.41.1-win32-x64\server\plugins\org.eclipse.equinox.launcher_1.7.0.v20250331-1702.jar -configuration c:\Users\쾜粘麗旅\AppData\Roaming\Cursor\User\globalStorage\redhat.java\1.41.1\config_win -data c:\Users\쾜粘麗旅\AppData\Roaming\Cursor\User\workspaceStorage\17a9cc18882ef2dc55c34f060ec7082e\redhat.java\jdt_ws --pipe=\\.\pipe\lsp-0adb259bb166f452c2f56e56c8833e77-sock
java_class_path (initial): c:\Users\쾜粘麗旅\.cursor\extensions\redhat.java-1.41.1-win32-x64\server\plugins\org.eclipse.equinox.launcher_1.7.0.v20250331-1702.jar
Launcher Type: SUN_STANDARD

[Global flags]
    uintx AdaptiveSizePolicyWeight                 = 90                                        {product} {command line}
     intx CICompilerCount                          = 4                                         {product} {ergonomic}
    uintx GCTimeRatio                              = 4                                         {product} {command line}
     bool HeapDumpOnOutOfMemoryError               = true                                   {manageable} {command line}
    ccstr HeapDumpPath                             = c:\Users\쾜粘麗旅\AppData\Roaming\Cursor\User\workspaceStorage\17a9cc18882ef2dc55c34f060ec7082e\redhat.java         {manageable} {command line}
   size_t InitialHeapSize                          = 104857600                                 {product} {command line}
   size_t MaxHeapSize                              = 1073741824                                {product} {command line}
   size_t MaxNewSize                               = 357564416                                 {product} {ergonomic}
   size_t MinHeapDeltaBytes                        = 524288                                    {product} {ergonomic}
   size_t MinHeapSize                              = 104857600                                 {product} {command line}
   size_t NewSize                                  = 34603008                                  {product} {ergonomic}
    uintx NonNMethodCodeHeapSize                   = 5839372                                {pd product} {ergonomic}
    uintx NonProfiledCodeHeapSize                  = 122909434                              {pd product} {ergonomic}
   size_t OldSize                                  = 70254592                                  {product} {ergonomic}
    uintx ProfiledCodeHeapSize                     = 122909434                              {pd product} {ergonomic}
    uintx ReservedCodeCacheSize                    = 251658240                              {pd product} {ergonomic}
     bool SegmentedCodeCache                       = true                                      {product} {ergonomic}
   size_t SoftMaxHeapSize                          = 1073741824                             {manageable} {ergonomic}
     bool UseCompressedOops                        = true                           {product lp64_product} {ergonomic}
     bool UseLargePagesIndividualAllocation        = false                                  {pd product} {ergonomic}
     bool UseParallelGC                            = true                                      {product} {command line}

Logging:
Log output configuration:
 #0: stdout all=off uptime,level,tags foldmultilines=false
 #1: stderr all=off uptime,level,tags foldmultilines=false

Environment Variables:
JAVA_HOME=C:\Users\Public\Documents\jdk-17.0.10
PATH=C:\Program Files\Eclipse Adoptium\jdk-21.0.1.12-hotspot\bin;C:\Python311\Scripts\;C:\Python311\;C:\ProgramData\Oracle\Java\javapath;C:\Windows\system32;C:\Windows;C:\Windows\System32\Wbem;C:\Windows\System32\WindowsPowerShell\v1.0\;C:\Windows\System32\OpenSSH\;C:\MinGW\bin;C:\ProgramData\chocolatey\bin;C:\Program Files\Git\cmd;C:\Program Files\dotnet\;C:\Program Files\PuTTY\;C:\Users\쾜粘麗旅\Downloads\apache-maven-3.9.9-bin;C:\Users\쾜粘麗旅\Downloads\apache-maven-3.9.9-bin;C:\Users\쾜粘麗旅\Downloads\apache-maven-3.9.9-bin\apache-maven-3.9.9;C:\Users\쾜粘麗旅\Downloads\Apache_Maven\apache-maven-3.9.9\bin;D:\JDK-17\jdk-17.0.10\bin;C:\Program Files\MySQL\MySQL Server 9.1\bin;;C:\Program Files\Docker\Docker\resources\bin;C:\Users\쾜粘麗旅\AppData\Local\Microsoft\WindowsApps;C:\Users\쾜粘麗旅\AppData\Local\Programs\Microsoft VS Code\bin;C:\Users\쾜粘麗旅\AppData\Local\Programs\cursor\resources\app\bin
USERNAME=쾜粘麗旅
OS=Windows_NT
PROCESSOR_IDENTIFIER=Intel64 Family 6 Model 140 Stepping 1, GenuineIntel
TMP=C:\Users\8322~1\AppData\Local\Temp
TEMP=C:\Users\8322~1\AppData\Local\Temp




Periodic native trim disabled

---------------  S Y S T E M  ---------------

OS:
 Windows 11 , 64 bit Build 22621 (10.0.22621.5124)
OS uptime: 3 days 4:25 hours
Hyper-V role detected

CPU: total 8 (initial active 8) (4 cores per cpu, 2 threads per core) family 6 model 140 stepping 1 microcode 0xbc, cx8, cmov, fxsr, ht, mmx, 3dnowpref, sse, sse2, sse3, ssse3, sse4.1, sse4.2, popcnt, lzcnt, tsc, tscinvbit, avx, avx2, aes, erms, clmul, bmi1, bmi2, adx, avx512f, avx512dq, avx512cd, avx512bw, avx512vl, sha, fma, vzeroupper, avx512_vpopcntdq, avx512_vpclmulqdq, avx512_vaes, avx512_vnni, clflush, clflushopt, clwb, avx512_vbmi2, avx512_vbmi, hv, rdtscp, rdpid, fsrm, gfni, avx512_bitalg, f16c, cet_ibt, cet_ss, avx512_ifma
Processor Information for processor 0
  Max Mhz: 2419, Current Mhz: 2419, Mhz Limit: 2419
Processor Information for processor 1
  Max Mhz: 2419, Current Mhz: 2419, Mhz Limit: 2419
Processor Information for processor 2
  Max Mhz: 2419, Current Mhz: 2419, Mhz Limit: 2419
Processor Information for processor 3
  Max Mhz: 2419, Current Mhz: 1209, Mhz Limit: 2419
Processor Information for processor 4
  Max Mhz: 2419, Current Mhz: 2419, Mhz Limit: 2419
Processor Information for processor 5
  Max Mhz: 2419, Current Mhz: 2419, Mhz Limit: 2419
Processor Information for processor 6
  Max Mhz: 2419, Current Mhz: 2419, Mhz Limit: 2419
Processor Information for processor 7
  Max Mhz: 2419, Current Mhz: 2419, Mhz Limit: 2419

Memory: 4k page, system-wide physical 7926M (6M free)
TotalPageFile size 32502M (AvailPageFile size 4M)
current process WorkingSet (physical memory assigned to process): 367M, peak: 371M
current process commit charge ("private bytes"): 381M, peak: 386M

vm_info: OpenJDK 64-Bit Server VM (21.0.6+7-LTS) for windows-amd64 JRE (21.0.6+7-LTS), built on 2025-01-21T00:00:00Z by "admin" with MS VC++ 17.7 (VS2022)

END.
